<?xml version="1.0" encoding="UTF-8"?>
<testsuite name="com.restful.booker.cucumber.CucumberRunner" time="1.121" tests="27" errors="4" skipped="12" failures="6">
  <properties>
    <property name="idea.version" value="2022.2.2"/>
    <property name="java.runtime.name" value="Java(TM) SE Runtime Environment"/>
    <property name="sun.boot.library.path" value="C:\Program Files\Java\jdk1.8.0_121\jre\bin"/>
    <property name="java.vm.version" value="25.121-b13"/>
    <property name="java.vm.vendor" value="Oracle Corporation"/>
    <property name="maven.multiModuleProjectDirectory" value="C:\Users\vagad\IdeaProjects\restful-booker-serenity-cucumber-anisha"/>
    <property name="java.vendor.url" value="http://java.oracle.com/"/>
    <property name="path.separator" value=";"/>
    <property name="guice.disable.misplaced.annotation.check" value="true"/>
    <property name="java.vm.name" value="Java HotSpot(TM) 64-Bit Server VM"/>
    <property name="file.encoding.pkg" value="sun.io"/>
    <property name="user.script" value=""/>
    <property name="user.country" value="GB"/>
    <property name="sun.java.launcher" value="SUN_STANDARD"/>
    <property name="sun.os.patch.level" value=""/>
    <property name="java.vm.specification.name" value="Java Virtual Machine Specification"/>
    <property name="user.dir" value="C:\Users\vagad\IdeaProjects\restful-booker-serenity-cucumber-anisha"/>
    <property name="java.runtime.version" value="1.8.0_121-b13"/>
    <property name="java.awt.graphicsenv" value="sun.awt.Win32GraphicsEnvironment"/>
    <property name="java.endorsed.dirs" value="C:\Program Files\Java\jdk1.8.0_121\jre\lib\endorsed"/>
    <property name="os.arch" value="amd64"/>
    <property name="java.io.tmpdir" value="C:\Users\vagad\AppData\Local\Temp\"/>
    <property name="line.separator" value="&#10;"/>
    <property name="java.vm.specification.vendor" value="Oracle Corporation"/>
    <property name="user.variant" value=""/>
    <property name="os.name" value="Windows 10"/>
    <property name="maven.ext.class.path" value="C:\Program Files\JetBrains\IntelliJ IDEA Community Edition 2022.2.2\plugins\maven\lib\maven-event-listener.jar"/>
    <property name="classworlds.conf" value="C:\Program Files\JetBrains\IntelliJ IDEA Community Edition 2022.2.2\plugins\maven\lib\maven3\bin\m2.conf"/>
    <property name="sun.jnu.encoding" value="Cp1252"/>
    <property name="java.library.path" value="C:\Program Files\Java\jdk1.8.0_121\bin;C:\Windows\Sun\Java\bin;C:\Windows\system32;C:\Windows;C:\ProgramData\Oracle\Java\javapath;C:\Windows\system32;C:\Windows;C:\Windows\System32\Wbem;C:\Windows\System32\WindowsPowerShell\v1.0\;C:\Windows\System32\OpenSSH\;C:\Program Files\Java\jdk1.8.0_121\bin;C:\Program Files\Git\cmd;C:\Program Files\Apache\apache-maven-3.8.6\bin;C:\Program Files\nodejs\;C:\Users\vagad\AppData\Local\Microsoft\WindowsApps;C:\Program Files\Apache\apache-maven-3.8.6\bin;C:\Users\vagad\AppData\Roaming\npm;."/>
    <property name="maven.conf" value="C:\Program Files\JetBrains\IntelliJ IDEA Community Edition 2022.2.2\plugins\maven\lib\maven3/conf"/>
    <property name="java.specification.name" value="Java Platform API Specification"/>
    <property name="java.class.version" value="52.0"/>
    <property name="sun.management.compiler" value="HotSpot 64-Bit Tiered Compilers"/>
    <property name="os.version" value="10.0"/>
    <property name="user.home" value="C:\Users\vagad"/>
    <property name="user.timezone" value="Europe/London"/>
    <property name="java.awt.printerjob" value="sun.awt.windows.WPrinterJob"/>
    <property name="java.specification.version" value="1.8"/>
    <property name="file.encoding" value="UTF-8"/>
    <property name="user.name" value="vagad"/>
    <property name="java.class.path" value="C:\Program Files\JetBrains\IntelliJ IDEA Community Edition 2022.2.2\plugins\maven\lib\maven3\boot\plexus-classworlds-2.6.0.jar;C:\Program Files\JetBrains\IntelliJ IDEA Community Edition 2022.2.2\plugins\maven\lib\maven3\boot\plexus-classworlds.license;C:\Program Files\JetBrains\IntelliJ IDEA Community Edition 2022.2.2\lib\idea_rt.jar"/>
    <property name="java.vm.specification.version" value="1.8"/>
    <property name="sun.arch.data.model" value="64"/>
    <property name="java.home" value="C:\Program Files\Java\jdk1.8.0_121\jre"/>
    <property name="sun.java.command" value="org.codehaus.classworlds.Launcher -Didea.version=2022.2.2 clean verify serenity:aggregate"/>
    <property name="java.specification.vendor" value="Oracle Corporation"/>
    <property name="user.language" value="en"/>
    <property name="awt.toolkit" value="sun.awt.windows.WToolkit"/>
    <property name="java.vm.info" value="mixed mode"/>
    <property name="java.version" value="1.8.0_121"/>
    <property name="java.ext.dirs" value="C:\Program Files\Java\jdk1.8.0_121\jre\lib\ext;C:\Windows\Sun\Java\lib\ext"/>
    <property name="sun.boot.class.path" value="C:\Program Files\Java\jdk1.8.0_121\jre\lib\resources.jar;C:\Program Files\Java\jdk1.8.0_121\jre\lib\rt.jar;C:\Program Files\Java\jdk1.8.0_121\jre\lib\sunrsasign.jar;C:\Program Files\Java\jdk1.8.0_121\jre\lib\jsse.jar;C:\Program Files\Java\jdk1.8.0_121\jre\lib\jce.jar;C:\Program Files\Java\jdk1.8.0_121\jre\lib\charsets.jar;C:\Program Files\Java\jdk1.8.0_121\jre\lib\jfr.jar;C:\Program Files\Java\jdk1.8.0_121\jre\classes"/>
    <property name="java.vendor" value="Oracle Corporation"/>
    <property name="maven.home" value="C:\Program Files\JetBrains\IntelliJ IDEA Community Edition 2022.2.2\plugins\maven\lib\maven3"/>
    <property name="file.separator" value="\"/>
    <property name="java.vendor.url.bug" value="http://bugreport.sun.com/bugreport/"/>
    <property name="sun.cpu.endian" value="little"/>
    <property name="sun.io.unicode.encoding" value="UnicodeLittle"/>
    <property name="sun.desktop" value="windows"/>
    <property name="sun.cpu.isalist" value="amd64"/>
  </properties>
  <testcase name="When I send a GET request to booking endpoint" classname="Scenario: Check if user can access all booking Ids" time="0"/>
  <testcase name="Then I must get back a valid response code 200" classname="Scenario: Check if user can access all booking Ids" time="0"/>
  <testcase name="Scenario: Check if user can access all booking Ids" classname="Scenario: Check if user can access all booking Ids" time="1.101"/>
  <testcase name="When I send a POST request to create a new booking with firstName&quot;Anya&quot;, lastName&quot;Patel&quot;, totalprice &quot;30&quot;, depositpaid &quot;yes&quot;, checkin &quot;2023-15-02&quot;, checkout&quot;2023-11-05&quot; additionalneeds &quot;Dinner&quot;" classname="| Anya | Patel | 30 | yes | 2023-15-02 | 2023-11-05 | Dinner |" time="0"/>
  <testcase name="Then I must get back a valid response code 201" classname="| Anya | Patel | 30 | yes | 2023-15-02 | 2023-11-05 | Dinner |" time="0.006">
    <failure message="1 expectation failed.&#10;Expected status code &lt;200&gt; but was &lt;404&gt;.&#10;" type="java.lang.AssertionError"><![CDATA[java.lang.AssertionError: 1 expectation failed.
Expected status code <200> but was <404>.

	at sun.reflect.NativeConstructorAccessorImpl.newInstance0(Native Method)
	at sun.reflect.NativeConstructorAccessorImpl.newInstance(NativeConstructorAccessorImpl.java:62)
	at sun.reflect.DelegatingConstructorAccessorImpl.newInstance(DelegatingConstructorAccessorImpl.java:45)
	at java.lang.reflect.Constructor.newInstance(Constructor.java:423)
	at org.codehaus.groovy.reflection.CachedConstructor.invoke(CachedConstructor.java:83)
	at org.codehaus.groovy.reflection.CachedConstructor.doConstructorInvoke(CachedConstructor.java:77)
	at org.codehaus.groovy.runtime.callsite.ConstructorSite$ConstructorSiteNoUnwrap.callConstructor(ConstructorSite.java:84)
	at org.codehaus.groovy.runtime.callsite.CallSiteArray.defaultCallConstructor(CallSiteArray.java:60)
	at org.codehaus.groovy.runtime.callsite.AbstractCallSite.callConstructor(AbstractCallSite.java:235)
	at org.codehaus.groovy.runtime.callsite.AbstractCallSite.callConstructor(AbstractCallSite.java:247)
	at io.restassured.internal.ResponseSpecificationImpl$HamcrestAssertionClosure.validate(ResponseSpecificationImpl.groovy:471)
	at io.restassured.internal.ResponseSpecificationImpl$HamcrestAssertionClosure$validate$1.call(Unknown Source)
	at io.restassured.internal.ResponseSpecificationImpl.validateResponseIfRequired(ResponseSpecificationImpl.groovy:636)
	at sun.reflect.NativeMethodAccessorImpl.invoke0(Native Method)
	at sun.reflect.NativeMethodAccessorImpl.invoke(NativeMethodAccessorImpl.java:62)
	at sun.reflect.DelegatingMethodAccessorImpl.invoke(DelegatingMethodAccessorImpl.java:43)
	at java.lang.reflect.Method.invoke(Method.java:498)
	at org.codehaus.groovy.runtime.callsite.PogoMetaMethodSite$PogoCachedMethodSiteNoUnwrapNoCoerce.invoke(PogoMetaMethodSite.java:210)
	at org.codehaus.groovy.runtime.callsite.PogoMetaMethodSite.callCurrent(PogoMetaMethodSite.java:59)
	at org.codehaus.groovy.runtime.callsite.AbstractCallSite.callCurrent(AbstractCallSite.java:166)
	at io.restassured.internal.ResponseSpecificationImpl.statusCode(ResponseSpecificationImpl.groovy:122)
	at io.restassured.specification.ResponseSpecification$statusCode$0.callCurrent(Unknown Source)
	at io.restassured.internal.ResponseSpecificationImpl.statusCode(ResponseSpecificationImpl.groovy:130)
	at io.restassured.internal.ValidatableResponseOptionsImpl.statusCode(ValidatableResponseOptionsImpl.java:117)
	at com.restful.booker.cucumber.steps.MyStepdefs.iMustGetBackAValidResponseCode(MyStepdefs.java:50)
	at ✽.Then I must get back a valid response code 201(restfulbooker.feature:10)
]]></failure>
  </testcase>
  <testcase name="| Anya | Patel | 30 | yes | 2023-15-02 | 2023-11-05 | Dinner |" classname="| Anya | Patel | 30 | yes | 2023-15-02 | 2023-11-05 | Dinner |" time="0.007">
    <failure message="1 expectation failed.&#10;Expected status code &lt;200&gt; but was &lt;404&gt;.&#10;" type="java.lang.AssertionError"><![CDATA[java.lang.AssertionError: 1 expectation failed.
Expected status code <200> but was <404>.

	at sun.reflect.NativeConstructorAccessorImpl.newInstance0(Native Method)
	at sun.reflect.NativeConstructorAccessorImpl.newInstance(NativeConstructorAccessorImpl.java:62)
	at sun.reflect.DelegatingConstructorAccessorImpl.newInstance(DelegatingConstructorAccessorImpl.java:45)
	at java.lang.reflect.Constructor.newInstance(Constructor.java:423)
	at org.codehaus.groovy.reflection.CachedConstructor.invoke(CachedConstructor.java:83)
	at org.codehaus.groovy.reflection.CachedConstructor.doConstructorInvoke(CachedConstructor.java:77)
	at org.codehaus.groovy.runtime.callsite.ConstructorSite$ConstructorSiteNoUnwrap.callConstructor(ConstructorSite.java:84)
	at org.codehaus.groovy.runtime.callsite.CallSiteArray.defaultCallConstructor(CallSiteArray.java:60)
	at org.codehaus.groovy.runtime.callsite.AbstractCallSite.callConstructor(AbstractCallSite.java:235)
	at org.codehaus.groovy.runtime.callsite.AbstractCallSite.callConstructor(AbstractCallSite.java:247)
	at io.restassured.internal.ResponseSpecificationImpl$HamcrestAssertionClosure.validate(ResponseSpecificationImpl.groovy:471)
	at io.restassured.internal.ResponseSpecificationImpl$HamcrestAssertionClosure$validate$1.call(Unknown Source)
	at io.restassured.internal.ResponseSpecificationImpl.validateResponseIfRequired(ResponseSpecificationImpl.groovy:636)
	at sun.reflect.NativeMethodAccessorImpl.invoke0(Native Method)
	at sun.reflect.NativeMethodAccessorImpl.invoke(NativeMethodAccessorImpl.java:62)
	at sun.reflect.DelegatingMethodAccessorImpl.invoke(DelegatingMethodAccessorImpl.java:43)
	at java.lang.reflect.Method.invoke(Method.java:498)
	at org.codehaus.groovy.runtime.callsite.PogoMetaMethodSite$PogoCachedMethodSiteNoUnwrapNoCoerce.invoke(PogoMetaMethodSite.java:210)
	at org.codehaus.groovy.runtime.callsite.PogoMetaMethodSite.callCurrent(PogoMetaMethodSite.java:59)
	at org.codehaus.groovy.runtime.callsite.AbstractCallSite.callCurrent(AbstractCallSite.java:166)
	at io.restassured.internal.ResponseSpecificationImpl.statusCode(ResponseSpecificationImpl.groovy:122)
	at io.restassured.specification.ResponseSpecification$statusCode$0.callCurrent(Unknown Source)
	at io.restassured.internal.ResponseSpecificationImpl.statusCode(ResponseSpecificationImpl.groovy:130)
	at io.restassured.internal.ValidatableResponseOptionsImpl.statusCode(ValidatableResponseOptionsImpl.java:117)
	at com.restful.booker.cucumber.steps.MyStepdefs.iMustGetBackAValidResponseCode(MyStepdefs.java:50)
	at ✽.Then I must get back a valid response code 201(restfulbooker.feature:10)
]]></failure>
  </testcase>
  <testcase name="And I verify that new booking is created by &lt;&quot;id&quot;&gt;" classname="| Anya | Patel | 30 | yes | 2023-15-02 | 2023-11-05 | Dinner |" time="0">
    <skipped/>
  </testcase>
  <testcase name="When I send Put request with  firstName&quot;&lt;firstName&gt;&quot;, lastName&quot;&lt;lastName&gt;&quot;, totalprice &quot;&lt;totalprice&gt;&quot;, depositpaid &quot;&lt;depositpaid&gt;&quot;, checkin &quot;&lt;checkin&gt;&quot;, checkout&quot;&lt;checkout&gt;&quot; additionalneeds &quot;&lt;additionalneeds&gt;&quot;" classname="Scenario: Check if user can update an existing booking" time="0.002">
    <failure message="1 expectation failed.&#10;Expected status code &lt;200&gt; but was &lt;404&gt;.&#10;" type="java.lang.AssertionError"><![CDATA[java.lang.AssertionError: 1 expectation failed.
Expected status code <200> but was <404>.

	at sun.reflect.NativeConstructorAccessorImpl.newInstance0(Native Method)
	at sun.reflect.NativeConstructorAccessorImpl.newInstance(NativeConstructorAccessorImpl.java:62)
	at sun.reflect.DelegatingConstructorAccessorImpl.newInstance(DelegatingConstructorAccessorImpl.java:45)
	at java.lang.reflect.Constructor.newInstance(Constructor.java:423)
	at org.codehaus.groovy.reflection.CachedConstructor.invoke(CachedConstructor.java:83)
	at org.codehaus.groovy.reflection.CachedConstructor.doConstructorInvoke(CachedConstructor.java:77)
	at org.codehaus.groovy.runtime.callsite.ConstructorSite$ConstructorSiteNoUnwrap.callConstructor(ConstructorSite.java:84)
	at org.codehaus.groovy.runtime.callsite.AbstractCallSite.callConstructor(AbstractCallSite.java:247)
	at io.restassured.internal.ResponseSpecificationImpl$HamcrestAssertionClosure.validate(ResponseSpecificationImpl.groovy:471)
	at io.restassured.internal.ResponseSpecificationImpl$HamcrestAssertionClosure$validate$1.call(Unknown Source)
	at io.restassured.internal.ResponseSpecificationImpl.validateResponseIfRequired(ResponseSpecificationImpl.groovy:636)
	at sun.reflect.NativeMethodAccessorImpl.invoke0(Native Method)
	at sun.reflect.NativeMethodAccessorImpl.invoke(NativeMethodAccessorImpl.java:62)
	at sun.reflect.DelegatingMethodAccessorImpl.invoke(DelegatingMethodAccessorImpl.java:43)
	at java.lang.reflect.Method.invoke(Method.java:498)
	at org.codehaus.groovy.runtime.callsite.PogoMetaMethodSite$PogoCachedMethodSiteNoUnwrapNoCoerce.invoke(PogoMetaMethodSite.java:210)
	at org.codehaus.groovy.runtime.callsite.PogoMetaMethodSite.callCurrent(PogoMetaMethodSite.java:59)
	at org.codehaus.groovy.runtime.callsite.AbstractCallSite.callCurrent(AbstractCallSite.java:166)
	at io.restassured.internal.ResponseSpecificationImpl.statusCode(ResponseSpecificationImpl.groovy:122)
	at io.restassured.specification.ResponseSpecification$statusCode$0.callCurrent(Unknown Source)
	at io.restassured.internal.ResponseSpecificationImpl.statusCode(ResponseSpecificationImpl.groovy:130)
	at io.restassured.internal.ValidatableResponseOptionsImpl.statusCode(ValidatableResponseOptionsImpl.java:117)
	at com.restful.booker.bookininfo.BookingSteps.updateBookingWithID(BookingSteps.java:76)
	at com.restful.booker.bookininfo.BookingSteps$$EnhancerByCGLIB$$4ac1cce2.CGLIB$updateBookingWithID$4(<generated>)
	at com.restful.booker.bookininfo.BookingSteps$$EnhancerByCGLIB$$4ac1cce2$$FastClassByCGLIB$$a8b88ef4.invoke(<generated>)
	at net.sf.cglib.proxy.MethodProxy.invokeSuper(MethodProxy.java:228)
	at net.thucydides.core.steps.StepInterceptor.invokeMethod(StepInterceptor.java:395)
	at net.thucydides.core.steps.StepInterceptor.executeTestStepMethod(StepInterceptor.java:380)
	at net.thucydides.core.steps.StepInterceptor.runTestStep(StepInterceptor.java:355)
	at net.thucydides.core.steps.StepInterceptor.testStepResult(StepInterceptor.java:132)
	at net.thucydides.core.steps.StepInterceptor.intercept(StepInterceptor.java:61)
	at com.restful.booker.bookininfo.BookingSteps$$EnhancerByCGLIB$$4ac1cce2.updateBookingWithID(<generated>)
	at com.restful.booker.cucumber.steps.MyStepdefs.iSendPutRequestWithFirstNameLastNameTotalpriceDepositpaidCheckinCheckoutAdditionalneeds(MyStepdefs.java:69)
	at ✽.When I send Put request with  firstName"<firstName>", lastName"<lastName>", totalprice "<totalprice>", depositpaid "<depositpaid>", checkin "<checkin>", checkout"<checkout>" additionalneeds "<additionalneeds>"(restfulbooker.feature:17)
]]></failure>
    <system-out><![CDATA[Request method:	POST
Request URI:	https://restful-booker.herokuapp.com/auth
Proxy:			<none>
Request params:	<none>
Query params:	<none>
Form params:	<none>
Path params:	<none>
Multiparts:		<none>
Headers:		Accept=*/*
				Content-Type=application/json; charset=UTF-8
Cookies:		<none>
Body:
{
    "username": "admin",
    "password": "password123"
}
HTTP/1.1 200 OK
Server: Cowboy
Connection: keep-alive
X-Powered-By: Express
Content-Type: application/json; charset=utf-8
Content-Length: 27
Etag: W/"1b-yv28UD6MBR+qHkM1Nk2H8XaLA4w"
Date: Tue, 10 Jan 2023 22:26:31 GMT
Via: 1.1 vegur

{
    "token": "15cd3919ae6b0f3"
}
Request method:	PUT
Request URI:	https://restful-booker.herokuapp.com/0
Proxy:			<none>
Request params:	<none>
Query params:	<none>
Form params:	<none>
Path params:	id=0
Multiparts:		<none>
Headers:		Accept=application/json
				Cookie=token=15cd3919ae6b0f3
				Content-Type=application/json; charset=UTF-8
Cookies:		<none>
Body:
{
    "firstname": "Nikko",
    "lastname": "Khan",
    "totalprice": 100,
    "depositpaid": false,
    "bookingdates": {
        "checkin": "<checkin>",
        "checkout": "<checkout>"
    },
    "additionalneeds": "<additionalneeds>"
}
HTTP/1.1 404 Not Found
Server: Cowboy
Connection: keep-alive
X-Powered-By: Express
Content-Type: text/plain; charset=utf-8
Content-Length: 9
Etag: W/"9-0gXL1ngzMqISxa6S1zx3F4wtLyg"
Date: Tue, 10 Jan 2023 22:26:32 GMT
Via: 1.1 vegur

Not Found
]]></system-out>
    <system-err><![CDATA[14155 [main] ERROR net.serenitybdd.core.Serenity - 
           __  _____ _____ ____ _____   _____ _    ___ _     _____ ____  
  _       / / |_   _| ____/ ___|_   _| |  ___/ \  |_ _| |   | ____|  _ \ 
 (_)_____| |    | | |  _| \___ \ | |   | |_ / _ \  | || |   |  _| | | | |
  _|_____| |    | | | |___ ___) || |   |  _/ ___ \ | || |___| |___| |_| |
 (_)     | |    |_| |_____|____/ |_|   |_|/_/   \_\___|_____|_____|____/ 
          \_\                                                            

TEST FAILED: Check if user can create a new booking
--------------------------------------------------------------------------
14257 [main] ERROR net.serenitybdd.core.Serenity - TEST FAILED AT STEP Then I must get back a valid response code 201
14257 [main] ERROR net.serenitybdd.core.Serenity - 1 expectation failed.Expected status code <200> but was <404>.
14263 [pool-3-thread-1] INFO net.thucydides.core.reports.json.JSONTestOutcomeReporter - Generating JSON report for Check if user can access all booking Ids to file C:\Users\vagad\IdeaProjects\restful-booker-serenity-cucumber-anisha\target\site\serenity\94146b3d03514675ccb7e8e5ead7f0d3e5b4a10a4d6438fc7e7f59964a08cf70.json (using temp file C:\Users\vagad\IdeaProjects\restful-booker-serenity-cucumber-anisha\target\site\serenity\94146b3d03514675ccb7e8e5ead7f0d3e5b4a10a4d6438fc7e7f59964a08cf70.json43042be8-75ab-4ff0-a80c-49ea5f9cf80d)
14264 [pool-3-thread-2] INFO net.thucydides.core.reports.json.JSONTestOutcomeReporter - Generating JSON report for Check if user can create a new booking to file C:\Users\vagad\IdeaProjects\restful-booker-serenity-cucumber-anisha\target\site\serenity\c734a132c337a2de2f1d75742826e8a71f12ef92ac476ae9a7084d0e7e600959.json (using temp file C:\Users\vagad\IdeaProjects\restful-booker-serenity-cucumber-anisha\target\site\serenity\c734a132c337a2de2f1d75742826e8a71f12ef92ac476ae9a7084d0e7e600959.jsonc5b105c8-ee57-4f97-a4fa-49c1885e8560)
14277 [pool-4-thread-2] INFO net.thucydides.core.reports.html.HtmlAcceptanceTestReporter - GENERATING HTML REPORT FOR HTTP Request Method Tests on Restful Booker:Check if user can create a new booking in c734a132c337a2de2f1d75742826e8a71f12ef92ac476ae9a7084d0e7e600959.html in directory target\site\serenity  
14281 [pool-4-thread-1] INFO net.thucydides.core.reports.html.HtmlAcceptanceTestReporter - GENERATING HTML REPORT FOR HTTP Request Method Tests on Restful Booker:Check if user can access all booking Ids in 94146b3d03514675ccb7e8e5ead7f0d3e5b4a10a4d6438fc7e7f59964a08cf70.html in directory target\site\serenity  
14315 [main] INFO net.serenitybdd.core.Serenity - 
 _____ _____ ____ _____   ____ _____  _    ____ _____ _____ ____  
|_   _| ____/ ___|_   _| / ___|_   _|/ \  |  _ \_   _| ____|  _ \ 
  | | |  _| \___ \ | |   \___ \ | | / _ \ | |_) || | |  _| | | | |
  | | | |___ ___) || |    ___) || |/ ___ \|  _ < | | | |___| |_| |
  |_| |_____|____/ |_|   |____/ |_/_/   \_\_| \_\|_| |_____|____/ 
                                                                  

TEST STARTED: Check if user can update an existing booking
-------------------------------------------------------------------
]]></system-err>
  </testcase>
  <testcase name="Scenario: Check if user can update an existing booking" classname="Scenario: Check if user can update an existing booking" time="0.003">
    <failure message="1 expectation failed.&#10;Expected status code &lt;200&gt; but was &lt;404&gt;.&#10;" type="java.lang.AssertionError"><![CDATA[java.lang.AssertionError: 1 expectation failed.
Expected status code <200> but was <404>.

	at sun.reflect.NativeConstructorAccessorImpl.newInstance0(Native Method)
	at sun.reflect.NativeConstructorAccessorImpl.newInstance(NativeConstructorAccessorImpl.java:62)
	at sun.reflect.DelegatingConstructorAccessorImpl.newInstance(DelegatingConstructorAccessorImpl.java:45)
	at java.lang.reflect.Constructor.newInstance(Constructor.java:423)
	at org.codehaus.groovy.reflection.CachedConstructor.invoke(CachedConstructor.java:83)
	at org.codehaus.groovy.reflection.CachedConstructor.doConstructorInvoke(CachedConstructor.java:77)
	at org.codehaus.groovy.runtime.callsite.ConstructorSite$ConstructorSiteNoUnwrap.callConstructor(ConstructorSite.java:84)
	at org.codehaus.groovy.runtime.callsite.AbstractCallSite.callConstructor(AbstractCallSite.java:247)
	at io.restassured.internal.ResponseSpecificationImpl$HamcrestAssertionClosure.validate(ResponseSpecificationImpl.groovy:471)
	at io.restassured.internal.ResponseSpecificationImpl$HamcrestAssertionClosure$validate$1.call(Unknown Source)
	at io.restassured.internal.ResponseSpecificationImpl.validateResponseIfRequired(ResponseSpecificationImpl.groovy:636)
	at sun.reflect.NativeMethodAccessorImpl.invoke0(Native Method)
	at sun.reflect.NativeMethodAccessorImpl.invoke(NativeMethodAccessorImpl.java:62)
	at sun.reflect.DelegatingMethodAccessorImpl.invoke(DelegatingMethodAccessorImpl.java:43)
	at java.lang.reflect.Method.invoke(Method.java:498)
	at org.codehaus.groovy.runtime.callsite.PogoMetaMethodSite$PogoCachedMethodSiteNoUnwrapNoCoerce.invoke(PogoMetaMethodSite.java:210)
	at org.codehaus.groovy.runtime.callsite.PogoMetaMethodSite.callCurrent(PogoMetaMethodSite.java:59)
	at org.codehaus.groovy.runtime.callsite.AbstractCallSite.callCurrent(AbstractCallSite.java:166)
	at io.restassured.internal.ResponseSpecificationImpl.statusCode(ResponseSpecificationImpl.groovy:122)
	at io.restassured.specification.ResponseSpecification$statusCode$0.callCurrent(Unknown Source)
	at io.restassured.internal.ResponseSpecificationImpl.statusCode(ResponseSpecificationImpl.groovy:130)
	at io.restassured.internal.ValidatableResponseOptionsImpl.statusCode(ValidatableResponseOptionsImpl.java:117)
	at com.restful.booker.bookininfo.BookingSteps.updateBookingWithID(BookingSteps.java:76)
	at com.restful.booker.bookininfo.BookingSteps$$EnhancerByCGLIB$$4ac1cce2.CGLIB$updateBookingWithID$4(<generated>)
	at com.restful.booker.bookininfo.BookingSteps$$EnhancerByCGLIB$$4ac1cce2$$FastClassByCGLIB$$a8b88ef4.invoke(<generated>)
	at net.sf.cglib.proxy.MethodProxy.invokeSuper(MethodProxy.java:228)
	at net.thucydides.core.steps.StepInterceptor.invokeMethod(StepInterceptor.java:395)
	at net.thucydides.core.steps.StepInterceptor.executeTestStepMethod(StepInterceptor.java:380)
	at net.thucydides.core.steps.StepInterceptor.runTestStep(StepInterceptor.java:355)
	at net.thucydides.core.steps.StepInterceptor.testStepResult(StepInterceptor.java:132)
	at net.thucydides.core.steps.StepInterceptor.intercept(StepInterceptor.java:61)
	at com.restful.booker.bookininfo.BookingSteps$$EnhancerByCGLIB$$4ac1cce2.updateBookingWithID(<generated>)
	at com.restful.booker.cucumber.steps.MyStepdefs.iSendPutRequestWithFirstNameLastNameTotalpriceDepositpaidCheckinCheckoutAdditionalneeds(MyStepdefs.java:69)
	at ✽.When I send Put request with  firstName"<firstName>", lastName"<lastName>", totalprice "<totalprice>", depositpaid "<depositpaid>", checkin "<checkin>", checkout"<checkout>" additionalneeds "<additionalneeds>"(restfulbooker.feature:17)
]]></failure>
  </testcase>
  <testcase name="Then I must get back a valid response code 200" classname="Scenario: Check if user can update an existing booking" time="0">
    <skipped/>
  </testcase>
  <testcase name="When I send delete requested id" classname="Scenario: Check if user can delete an existing record" time="0"/>
  <testcase name="Then I should see the response code 201" classname="Scenario: Check if user can delete an existing record" time="0.001">
    <failure message="1 expectation failed.&#10;Expected status code &lt;201&gt; but was &lt;404&gt;.&#10;" type="java.lang.AssertionError"><![CDATA[java.lang.AssertionError: 1 expectation failed.
Expected status code <201> but was <404>.

	at sun.reflect.NativeConstructorAccessorImpl.newInstance0(Native Method)
	at sun.reflect.NativeConstructorAccessorImpl.newInstance(NativeConstructorAccessorImpl.java:62)
	at sun.reflect.DelegatingConstructorAccessorImpl.newInstance(DelegatingConstructorAccessorImpl.java:45)
	at java.lang.reflect.Constructor.newInstance(Constructor.java:423)
	at org.codehaus.groovy.reflection.CachedConstructor.invoke(CachedConstructor.java:83)
	at org.codehaus.groovy.reflection.CachedConstructor.doConstructorInvoke(CachedConstructor.java:77)
	at org.codehaus.groovy.runtime.callsite.ConstructorSite$ConstructorSiteNoUnwrap.callConstructor(ConstructorSite.java:84)
	at org.codehaus.groovy.runtime.callsite.AbstractCallSite.callConstructor(AbstractCallSite.java:247)
	at io.restassured.internal.ResponseSpecificationImpl$HamcrestAssertionClosure.validate(ResponseSpecificationImpl.groovy:471)
	at io.restassured.internal.ResponseSpecificationImpl$HamcrestAssertionClosure$validate$1.call(Unknown Source)
	at io.restassured.internal.ResponseSpecificationImpl.validateResponseIfRequired(ResponseSpecificationImpl.groovy:636)
	at sun.reflect.NativeMethodAccessorImpl.invoke0(Native Method)
	at sun.reflect.NativeMethodAccessorImpl.invoke(NativeMethodAccessorImpl.java:62)
	at sun.reflect.DelegatingMethodAccessorImpl.invoke(DelegatingMethodAccessorImpl.java:43)
	at java.lang.reflect.Method.invoke(Method.java:498)
	at org.codehaus.groovy.runtime.callsite.PogoMetaMethodSite$PogoCachedMethodSiteNoUnwrapNoCoerce.invoke(PogoMetaMethodSite.java:210)
	at org.codehaus.groovy.runtime.callsite.PogoMetaMethodSite.callCurrent(PogoMetaMethodSite.java:59)
	at org.codehaus.groovy.runtime.callsite.AbstractCallSite.callCurrent(AbstractCallSite.java:166)
	at io.restassured.internal.ResponseSpecificationImpl.statusCode(ResponseSpecificationImpl.groovy:122)
	at io.restassured.specification.ResponseSpecification$statusCode$0.callCurrent(Unknown Source)
	at io.restassured.internal.ResponseSpecificationImpl.statusCode(ResponseSpecificationImpl.groovy:130)
	at io.restassured.internal.ValidatableResponseOptionsImpl.statusCode(ValidatableResponseOptionsImpl.java:117)
	at com.restful.booker.cucumber.steps.MyStepdefs.iShouldSeeTheResponseCode(MyStepdefs.java:80)
	at ✽.Then I should see the response code 201(restfulbooker.feature:22)
]]></failure>
  </testcase>
  <testcase name="Scenario: Check if user can delete an existing record" classname="Scenario: Check if user can delete an existing record" time="0.001">
    <failure message="1 expectation failed.&#10;Expected status code &lt;201&gt; but was &lt;404&gt;.&#10;" type="java.lang.AssertionError"><![CDATA[java.lang.AssertionError: 1 expectation failed.
Expected status code <201> but was <404>.

	at sun.reflect.NativeConstructorAccessorImpl.newInstance0(Native Method)
	at sun.reflect.NativeConstructorAccessorImpl.newInstance(NativeConstructorAccessorImpl.java:62)
	at sun.reflect.DelegatingConstructorAccessorImpl.newInstance(DelegatingConstructorAccessorImpl.java:45)
	at java.lang.reflect.Constructor.newInstance(Constructor.java:423)
	at org.codehaus.groovy.reflection.CachedConstructor.invoke(CachedConstructor.java:83)
	at org.codehaus.groovy.reflection.CachedConstructor.doConstructorInvoke(CachedConstructor.java:77)
	at org.codehaus.groovy.runtime.callsite.ConstructorSite$ConstructorSiteNoUnwrap.callConstructor(ConstructorSite.java:84)
	at org.codehaus.groovy.runtime.callsite.AbstractCallSite.callConstructor(AbstractCallSite.java:247)
	at io.restassured.internal.ResponseSpecificationImpl$HamcrestAssertionClosure.validate(ResponseSpecificationImpl.groovy:471)
	at io.restassured.internal.ResponseSpecificationImpl$HamcrestAssertionClosure$validate$1.call(Unknown Source)
	at io.restassured.internal.ResponseSpecificationImpl.validateResponseIfRequired(ResponseSpecificationImpl.groovy:636)
	at sun.reflect.NativeMethodAccessorImpl.invoke0(Native Method)
	at sun.reflect.NativeMethodAccessorImpl.invoke(NativeMethodAccessorImpl.java:62)
	at sun.reflect.DelegatingMethodAccessorImpl.invoke(DelegatingMethodAccessorImpl.java:43)
	at java.lang.reflect.Method.invoke(Method.java:498)
	at org.codehaus.groovy.runtime.callsite.PogoMetaMethodSite$PogoCachedMethodSiteNoUnwrapNoCoerce.invoke(PogoMetaMethodSite.java:210)
	at org.codehaus.groovy.runtime.callsite.PogoMetaMethodSite.callCurrent(PogoMetaMethodSite.java:59)
	at org.codehaus.groovy.runtime.callsite.AbstractCallSite.callCurrent(AbstractCallSite.java:166)
	at io.restassured.internal.ResponseSpecificationImpl.statusCode(ResponseSpecificationImpl.groovy:122)
	at io.restassured.specification.ResponseSpecification$statusCode$0.callCurrent(Unknown Source)
	at io.restassured.internal.ResponseSpecificationImpl.statusCode(ResponseSpecificationImpl.groovy:130)
	at io.restassured.internal.ValidatableResponseOptionsImpl.statusCode(ValidatableResponseOptionsImpl.java:117)
	at com.restful.booker.cucumber.steps.MyStepdefs.iShouldSeeTheResponseCode(MyStepdefs.java:80)
	at ✽.Then I should see the response code 201(restfulbooker.feature:22)
]]></failure>
  </testcase>
  <testcase name="When I send POST request to create a new booking with firstName&quot;Anya&quot;, lastName&quot;walker&quot;, totalprice &quot;460&quot;, depositpaid &quot;no&quot;, checkin &quot;2023-10-01&quot;, checkout&quot;2023-11-05&quot; additionalneeds &quot;Dinner&quot;" classname="| Anya | walker | 460 | no | 2023-10-01 | 2023-11-05 | Dinner |" time="0">
    <error message="Cannot determine which path implementation to use because the content-type text/plain; charset=utf-8 doesn&apos;t map to a path implementation." type="java.lang.IllegalStateException">java.lang.IllegalStateException: Cannot determine which path implementation to use because the content-type text/plain; charset=utf-8 doesn't map to a path implementation.
	at sun.reflect.NativeConstructorAccessorImpl.newInstance0(Native Method)
	at sun.reflect.NativeConstructorAccessorImpl.newInstance(NativeConstructorAccessorImpl.java:62)
	at sun.reflect.DelegatingConstructorAccessorImpl.newInstance(DelegatingConstructorAccessorImpl.java:45)
	at java.lang.reflect.Constructor.newInstance(Constructor.java:423)
	at org.codehaus.groovy.reflection.CachedConstructor.invoke(CachedConstructor.java:83)
	at org.codehaus.groovy.reflection.CachedConstructor.doConstructorInvoke(CachedConstructor.java:77)
	at org.codehaus.groovy.runtime.callsite.ConstructorSite$ConstructorSiteNoUnwrap.callConstructor(ConstructorSite.java:84)
	at org.codehaus.groovy.runtime.callsite.CallSiteArray.defaultCallConstructor(CallSiteArray.java:60)
	at org.codehaus.groovy.runtime.callsite.AbstractCallSite.callConstructor(AbstractCallSite.java:235)
	at org.codehaus.groovy.runtime.callsite.AbstractCallSite.callConstructor(AbstractCallSite.java:247)
	at io.restassured.internal.RestAssuredResponseOptionsGroovyImpl.path(RestAssuredResponseOptionsGroovyImpl.groovy:402)
	at io.restassured.internal.RestAssuredResponseOptionsImpl.path(RestAssuredResponseOptionsImpl.java:200)
	at com.restful.booker.cucumber.steps.CrudSteps.iSendPOSTRequestToCreateANewBookingWithFirstNameLastNameTotalpriceDepositpaidCheckinCheckoutAdditionalneeds(CrudSteps.java:34)
	at ✽.When I send POST request to create a new booking with firstName"Anya", lastName"walker", totalprice "460", depositpaid "no", checkin "2023-10-01", checkout"2023-11-05" additionalneeds "Dinner"(restfulbookercrud.feature:5)
</error>
    <system-out><![CDATA[HTTP/1.1 404 Not Found
Server: Cowboy
Connection: keep-alive
X-Powered-By: Express
Content-Type: text/plain; charset=utf-8
Content-Length: 9
Etag: W/"9-0gXL1ngzMqISxa6S1zx3F4wtLyg"
Date: Tue, 10 Jan 2023 22:26:34 GMT
Via: 1.1 vegur

Not Found
]]></system-out>
    <system-err><![CDATA[17237 [main] ERROR net.serenitybdd.core.Serenity - 
           __  _____ _____ ____ _____   _____ _    ___ _     _____ ____  
  _       / / |_   _| ____/ ___|_   _| |  ___/ \  |_ _| |   | ____|  _ \ 
 (_)_____| |    | | |  _| \___ \ | |   | |_ / _ \  | || |   |  _| | | | |
  _|_____| |    | | | |___ ___) || |   |  _/ ___ \ | || |___| |___| |_| |
 (_)     | |    |_| |_____|____/ |_|   |_|/_/   \_\___|_____|_____|____/ 
          \_\                                                            

TEST FAILED: Check if user can delete an existing record
--------------------------------------------------------------------------
17237 [main] ERROR net.serenitybdd.core.Serenity - TEST FAILED AT STEP Then I should see the response code 201
17237 [main] ERROR net.serenitybdd.core.Serenity - 1 expectation failed.Expected status code <201> but was <404>.
17241 [pool-7-thread-1] INFO net.thucydides.core.reports.json.JSONTestOutcomeReporter - Generating JSON report for Check if user can access all booking Ids to file C:\Users\vagad\IdeaProjects\restful-booker-serenity-cucumber-anisha\target\site\serenity\94146b3d03514675ccb7e8e5ead7f0d3e5b4a10a4d6438fc7e7f59964a08cf70.json (using temp file C:\Users\vagad\IdeaProjects\restful-booker-serenity-cucumber-anisha\target\site\serenity\94146b3d03514675ccb7e8e5ead7f0d3e5b4a10a4d6438fc7e7f59964a08cf70.jsonecb28a12-6681-4f12-94e6-c99f14e13975)
17242 [pool-7-thread-2] INFO net.thucydides.core.reports.json.JSONTestOutcomeReporter - Generating JSON report for Check if user can create a new booking to file C:\Users\vagad\IdeaProjects\restful-booker-serenity-cucumber-anisha\target\site\serenity\c734a132c337a2de2f1d75742826e8a71f12ef92ac476ae9a7084d0e7e600959.json (using temp file C:\Users\vagad\IdeaProjects\restful-booker-serenity-cucumber-anisha\target\site\serenity\c734a132c337a2de2f1d75742826e8a71f12ef92ac476ae9a7084d0e7e600959.json85503ea0-4f91-4621-9436-ba5be4159026)
17242 [pool-7-thread-3] INFO net.thucydides.core.reports.json.JSONTestOutcomeReporter - Generating JSON report for Check if user can update an existing booking to file C:\Users\vagad\IdeaProjects\restful-booker-serenity-cucumber-anisha\target\site\serenity\932bd28091fe573577817c34925a8dd3a91f3ce37da2c578dd6c5596a193f82c.json (using temp file C:\Users\vagad\IdeaProjects\restful-booker-serenity-cucumber-anisha\target\site\serenity\932bd28091fe573577817c34925a8dd3a91f3ce37da2c578dd6c5596a193f82c.jsonb8362938-1d66-47a0-be6c-f91d4068bee4)
17242 [pool-7-thread-4] INFO net.thucydides.core.reports.json.JSONTestOutcomeReporter - Generating JSON report for Check if user can delete an existing record to file C:\Users\vagad\IdeaProjects\restful-booker-serenity-cucumber-anisha\target\site\serenity\e0cc3cea44edc3ee53e68072f941d5b4d5498bbdf7874003b231e295e2ec452f.json (using temp file C:\Users\vagad\IdeaProjects\restful-booker-serenity-cucumber-anisha\target\site\serenity\e0cc3cea44edc3ee53e68072f941d5b4d5498bbdf7874003b231e295e2ec452f.jsond1a78c9b-c8a7-45cf-850b-ed96e45120d9)
17251 [pool-8-thread-3] INFO net.thucydides.core.reports.html.HtmlAcceptanceTestReporter - GENERATING HTML REPORT FOR HTTP Request Method Tests on Restful Booker:Check if user can update an existing booking in 932bd28091fe573577817c34925a8dd3a91f3ce37da2c578dd6c5596a193f82c.html in directory target\site\serenity  
17251 [pool-8-thread-4] INFO net.thucydides.core.reports.html.HtmlAcceptanceTestReporter - GENERATING HTML REPORT FOR HTTP Request Method Tests on Restful Booker:Check if user can delete an existing record in e0cc3cea44edc3ee53e68072f941d5b4d5498bbdf7874003b231e295e2ec452f.html in directory target\site\serenity  
17251 [pool-8-thread-2] INFO net.thucydides.core.reports.html.HtmlAcceptanceTestReporter - GENERATING HTML REPORT FOR HTTP Request Method Tests on Restful Booker:Check if user can create a new booking in c734a132c337a2de2f1d75742826e8a71f12ef92ac476ae9a7084d0e7e600959.html in directory target\site\serenity  
17253 [pool-8-thread-1] INFO net.thucydides.core.reports.html.HtmlAcceptanceTestReporter - GENERATING HTML REPORT FOR HTTP Request Method Tests on Restful Booker:Check if user can access all booking Ids in 94146b3d03514675ccb7e8e5ead7f0d3e5b4a10a4d6438fc7e7f59964a08cf70.html in directory target\site\serenity  
17266 [main] INFO net.serenitybdd.core.Serenity - Test Suite Started: Restful Booker
17267 [main] INFO net.serenitybdd.core.Serenity - 
 _____ _____ ____ _____   ____ _____  _    ____ _____ _____ ____  
|_   _| ____/ ___|_   _| / ___|_   _|/ \  |  _ \_   _| ____|  _ \ 
  | | |  _| \___ \ | |   \___ \ | | / _ \ | |_) || | |  _| | | | |
  | | | |___ ___) || |    ___) || |/ ___ \|  _ < | | | |___| |_| |
  |_| |_____|____/ |_|   |____/ |_/_/   \_\_| \_\|_| |_____|____/ 
                                                                  

TEST STARTED: Check End to End CURD operations
-------------------------------------------------------------------
]]></system-err>
  </testcase>
  <testcase name="| Anya | walker | 460 | no | 2023-10-01 | 2023-11-05 | Dinner |" classname="| Anya | walker | 460 | no | 2023-10-01 | 2023-11-05 | Dinner |" time="0">
    <error message="Cannot determine which path implementation to use because the content-type text/plain; charset=utf-8 doesn&apos;t map to a path implementation." type="java.lang.IllegalStateException">java.lang.IllegalStateException: Cannot determine which path implementation to use because the content-type text/plain; charset=utf-8 doesn't map to a path implementation.
	at sun.reflect.NativeConstructorAccessorImpl.newInstance0(Native Method)
	at sun.reflect.NativeConstructorAccessorImpl.newInstance(NativeConstructorAccessorImpl.java:62)
	at sun.reflect.DelegatingConstructorAccessorImpl.newInstance(DelegatingConstructorAccessorImpl.java:45)
	at java.lang.reflect.Constructor.newInstance(Constructor.java:423)
	at org.codehaus.groovy.reflection.CachedConstructor.invoke(CachedConstructor.java:83)
	at org.codehaus.groovy.reflection.CachedConstructor.doConstructorInvoke(CachedConstructor.java:77)
	at org.codehaus.groovy.runtime.callsite.ConstructorSite$ConstructorSiteNoUnwrap.callConstructor(ConstructorSite.java:84)
	at org.codehaus.groovy.runtime.callsite.CallSiteArray.defaultCallConstructor(CallSiteArray.java:60)
	at org.codehaus.groovy.runtime.callsite.AbstractCallSite.callConstructor(AbstractCallSite.java:235)
	at org.codehaus.groovy.runtime.callsite.AbstractCallSite.callConstructor(AbstractCallSite.java:247)
	at io.restassured.internal.RestAssuredResponseOptionsGroovyImpl.path(RestAssuredResponseOptionsGroovyImpl.groovy:402)
	at io.restassured.internal.RestAssuredResponseOptionsImpl.path(RestAssuredResponseOptionsImpl.java:200)
	at com.restful.booker.cucumber.steps.CrudSteps.iSendPOSTRequestToCreateANewBookingWithFirstNameLastNameTotalpriceDepositpaidCheckinCheckoutAdditionalneeds(CrudSteps.java:34)
	at ✽.When I send POST request to create a new booking with firstName"Anya", lastName"walker", totalprice "460", depositpaid "no", checkin "2023-10-01", checkout"2023-11-05" additionalneeds "Dinner"(restfulbookercrud.feature:5)
</error>
  </testcase>
  <testcase name="Then I verfiy that new booking is created by id" classname="| Anya | walker | 460 | no | 2023-10-01 | 2023-11-05 | Dinner |" time="0">
    <skipped/>
  </testcase>
  <testcase name="And I send a Put request with  firstName&quot;Anya&quot;, lastName&quot;walker&quot;, totalprice &quot;460&quot;, depositpaid &quot;no&quot;, checkin &quot;2023-10-01&quot;, checkout&quot;2023-11-05&quot; additionalneeds &quot;Dinner&quot;" classname="| Anya | walker | 460 | no | 2023-10-01 | 2023-11-05 | Dinner |" time="0">
    <skipped/>
  </testcase>
  <testcase name="And The totalprice &quot;460&quot; is successfully updated" classname="| Anya | walker | 460 | no | 2023-10-01 | 2023-11-05 | Dinner |" time="0">
    <skipped/>
  </testcase>
  <testcase name="And I send delete booking by id" classname="| Anya | walker | 460 | no | 2023-10-01 | 2023-11-05 | Dinner |" time="0">
    <skipped/>
  </testcase>
  <testcase name="Then The booking is successfully deleted from the record" classname="| Anya | walker | 460 | no | 2023-10-01 | 2023-11-05 | Dinner |" time="0">
    <skipped/>
  </testcase>
  <testcase name="When I send POST request to create a new booking with firstName&quot;Jo&quot;, lastName&quot;sharma&quot;, totalprice &quot;800&quot;, depositpaid &quot;yes&quot;, checkin &quot;2023-05-01&quot;, checkout&quot;2023-12-05&quot; additionalneeds &quot;Brunch&quot;" classname="| Jo | sharma | 800 | yes | 2023-05-01 | 2023-12-05 | Brunch |" time="0">
    <error message="Cannot determine which path implementation to use because the content-type text/plain; charset=utf-8 doesn&apos;t map to a path implementation." type="java.lang.IllegalStateException">java.lang.IllegalStateException: Cannot determine which path implementation to use because the content-type text/plain; charset=utf-8 doesn't map to a path implementation.
	at sun.reflect.NativeConstructorAccessorImpl.newInstance0(Native Method)
	at sun.reflect.NativeConstructorAccessorImpl.newInstance(NativeConstructorAccessorImpl.java:62)
	at sun.reflect.DelegatingConstructorAccessorImpl.newInstance(DelegatingConstructorAccessorImpl.java:45)
	at java.lang.reflect.Constructor.newInstance(Constructor.java:423)
	at org.codehaus.groovy.reflection.CachedConstructor.invoke(CachedConstructor.java:83)
	at org.codehaus.groovy.reflection.CachedConstructor.doConstructorInvoke(CachedConstructor.java:77)
	at org.codehaus.groovy.runtime.callsite.ConstructorSite$ConstructorSiteNoUnwrap.callConstructor(ConstructorSite.java:84)
	at org.codehaus.groovy.runtime.callsite.AbstractCallSite.callConstructor(AbstractCallSite.java:247)
	at io.restassured.internal.RestAssuredResponseOptionsGroovyImpl.path(RestAssuredResponseOptionsGroovyImpl.groovy:402)
	at io.restassured.internal.RestAssuredResponseOptionsImpl.path(RestAssuredResponseOptionsImpl.java:200)
	at com.restful.booker.cucumber.steps.CrudSteps.iSendPOSTRequestToCreateANewBookingWithFirstNameLastNameTotalpriceDepositpaidCheckinCheckoutAdditionalneeds(CrudSteps.java:34)
	at ✽.When I send POST request to create a new booking with firstName"Jo", lastName"sharma", totalprice "800", depositpaid "yes", checkin "2023-05-01", checkout"2023-12-05" additionalneeds "Brunch"(restfulbookercrud.feature:5)
</error>
    <system-out><![CDATA[HTTP/1.1 404 Not Found
Server: Cowboy
Connection: keep-alive
X-Powered-By: Express
Content-Type: text/plain; charset=utf-8
Content-Length: 9
Etag: W/"9-0gXL1ngzMqISxa6S1zx3F4wtLyg"
Date: Tue, 10 Jan 2023 22:26:34 GMT
Via: 1.1 vegur

Not Found
]]></system-out>
    <system-err><![CDATA[18066 [main] ERROR net.serenitybdd.core.Serenity - 
           __  _____ _____ ____ _____   _____ _    ___ _     _____ ____  
  _       / / |_   _| ____/ ___|_   _| |  ___/ \  |_ _| |   | ____|  _ \ 
 (_)_____| |    | | |  _| \___ \ | |   | |_ / _ \  | || |   |  _| | | | |
  _|_____| |    | | | |___ ___) || |   |  _/ ___ \ | || |___| |___| |_| |
 (_)     | |    |_| |_____|____/ |_|   |_|/_/   \_\___|_____|_____|____/ 
          \_\                                                            

TEST FAILED WITH ERROR: Check End to End CURD operations
---------------------------------------------------------------------
18066 [main] ERROR net.serenitybdd.core.Serenity - TEST FAILED AT STEP When I send POST request to create a new booking with firstName"Anya", lastName"walker", totalprice "460", depositpaid "no", checkin "2023-10-01", checkout"2023-11-05" additionalneeds "Dinner"
18066 [main] ERROR net.serenitybdd.core.Serenity - Cannot determine which path implementation to use because the content-type text/plain; charset=utf-8 doesn't map to a path implementation.
]]></system-err>
  </testcase>
  <testcase name="| Jo | sharma | 800 | yes | 2023-05-01 | 2023-12-05 | Brunch |" classname="| Jo | sharma | 800 | yes | 2023-05-01 | 2023-12-05 | Brunch |" time="0">
    <error message="Cannot determine which path implementation to use because the content-type text/plain; charset=utf-8 doesn&apos;t map to a path implementation." type="java.lang.IllegalStateException">java.lang.IllegalStateException: Cannot determine which path implementation to use because the content-type text/plain; charset=utf-8 doesn't map to a path implementation.
	at sun.reflect.NativeConstructorAccessorImpl.newInstance0(Native Method)
	at sun.reflect.NativeConstructorAccessorImpl.newInstance(NativeConstructorAccessorImpl.java:62)
	at sun.reflect.DelegatingConstructorAccessorImpl.newInstance(DelegatingConstructorAccessorImpl.java:45)
	at java.lang.reflect.Constructor.newInstance(Constructor.java:423)
	at org.codehaus.groovy.reflection.CachedConstructor.invoke(CachedConstructor.java:83)
	at org.codehaus.groovy.reflection.CachedConstructor.doConstructorInvoke(CachedConstructor.java:77)
	at org.codehaus.groovy.runtime.callsite.ConstructorSite$ConstructorSiteNoUnwrap.callConstructor(ConstructorSite.java:84)
	at org.codehaus.groovy.runtime.callsite.AbstractCallSite.callConstructor(AbstractCallSite.java:247)
	at io.restassured.internal.RestAssuredResponseOptionsGroovyImpl.path(RestAssuredResponseOptionsGroovyImpl.groovy:402)
	at io.restassured.internal.RestAssuredResponseOptionsImpl.path(RestAssuredResponseOptionsImpl.java:200)
	at com.restful.booker.cucumber.steps.CrudSteps.iSendPOSTRequestToCreateANewBookingWithFirstNameLastNameTotalpriceDepositpaidCheckinCheckoutAdditionalneeds(CrudSteps.java:34)
	at ✽.When I send POST request to create a new booking with firstName"Jo", lastName"sharma", totalprice "800", depositpaid "yes", checkin "2023-05-01", checkout"2023-12-05" additionalneeds "Brunch"(restfulbookercrud.feature:5)
</error>
  </testcase>
  <testcase name="Then I verfiy that new booking is created by id" classname="| Jo | sharma | 800 | yes | 2023-05-01 | 2023-12-05 | Brunch |" time="0">
    <skipped/>
  </testcase>
  <testcase name="And I send a Put request with  firstName&quot;Jo&quot;, lastName&quot;sharma&quot;, totalprice &quot;800&quot;, depositpaid &quot;yes&quot;, checkin &quot;2023-05-01&quot;, checkout&quot;2023-12-05&quot; additionalneeds &quot;Brunch&quot;" classname="| Jo | sharma | 800 | yes | 2023-05-01 | 2023-12-05 | Brunch |" time="0">
    <skipped/>
  </testcase>
  <testcase name="And The totalprice &quot;800&quot; is successfully updated" classname="| Jo | sharma | 800 | yes | 2023-05-01 | 2023-12-05 | Brunch |" time="0">
    <skipped/>
  </testcase>
  <testcase name="And I send delete booking by id" classname="| Jo | sharma | 800 | yes | 2023-05-01 | 2023-12-05 | Brunch |" time="0">
    <skipped/>
  </testcase>
  <testcase name="Then The booking is successfully deleted from the record" classname="| Jo | sharma | 800 | yes | 2023-05-01 | 2023-12-05 | Brunch |" time="0">
    <skipped/>
  </testcase>
</testsuite>