<?xml version="1.0" encoding="UTF-8"?><testsuite errors="2" failures="0" name="Restful Booker" skipped="0" tests="2" time="1.31" timestamp="2023-01-10T22:26:33.452Z[Europe/London]"><testcase name="Check End to End CURD operations"><error message="Cannot determine which path implementation to use because the content-type text/plain; charset=utf-8 doesn't map to a path implementation." type="java.lang.IllegalStateException">Cannot determine which path implementation to use because the content-type text/plain; charset=utf-8 doesn't map to a path implementation.</error><system-err>Cannot determine which path implementation to use because the content-type text/plain; charset=utf-8 doesn't map to a path implementation.&#13;
io.restassured.internal.RestAssuredResponseOptionsGroovyImpl.path(RestAssuredResponseOptionsGroovyImpl.groovy:402)&#13;
io.restassured.internal.RestAssuredResponseOptionsImpl.path(RestAssuredResponseOptionsImpl.java:200)&#13;
com.restful.booker.cucumber.steps.CrudSteps.iSendPOSTRequestToCreateANewBookingWithFirstNameLastNameTotalpriceDepositpaidCheckinCheckoutAdditionalneeds(CrudSteps.java:34)&#13;
✽.When I send POST request to create a new booking with firstName"Anya", lastName"walker", totalprice "460", depositpaid "no", checkin "2023-10-01", checkout"2023-11-05" additionalneeds "Dinner"(restfulbookercrud.feature:5)&#13;
</system-err></testcase></testsuite>