<?xml version="1.0" encoding="UTF-8"?><testsuite errors="0" failures="0" name="com.restful.booker.bookininfo.TagsTest" skipped="0" tests="3" time="4.02" timestamp="2023-01-10T22:26:29.484Z[Europe/London]"><testcase classname="com.restful.booker.bookininfo.TagsTest" name="Provide a 405 status code when incorrect HTTP method is used to access resource"/><testcase classname="com.restful.booker.bookininfo.TagsTest" name="This test will verify if a status code of 200 is returned for GET request"/><testcase classname="com.restful.booker.bookininfo.TagsTest" name="This test will provide an error code of 400 when user tries to access an invalid resource"/></testsuite>